2020-12-08 20:39:04,258 [main] INFO  com.rms.RateManagmentSystemApplication             - Starting RateManagmentSystemApplication using Java 1.8.0_212 on SARFARAZ1-PC with PID 31772 (C:\StarkWS\RateManagmentSystem\target\classes started by Sarfaraz in C:\StarkWS\RateManagmentSystem)
2020-12-08 20:39:04,269 [main] INFO  com.rms.RateManagmentSystemApplication             - No active profile set, falling back to default profiles: default
2020-12-08 20:39:06,912 [main] INFO  o.s.d.r.c.RepositoryConfigurationDelegate          - Bootstrapping Spring Data JPA repositories in DEFERRED mode.
2020-12-08 20:39:07,127 [main] INFO  o.s.d.r.c.RepositoryConfigurationDelegate          - Finished Spring Data repository scanning in 186 ms. Found 1 JPA repository interfaces.
2020-12-08 20:39:08,280 [main] INFO  o.s.b.w.embedded.tomcat.TomcatWebServer            - Tomcat initialized with port(s): 8080 (http)
2020-12-08 20:39:08,299 [main] INFO  o.apache.coyote.http11.Http11NioProtocol           - Initializing ProtocolHandler ["http-nio-8080"]
2020-12-08 20:39:08,301 [main] INFO  org.apache.catalina.core.StandardService           - Starting service [Tomcat]
2020-12-08 20:39:08,302 [main] INFO  org.apache.catalina.core.StandardEngine            - Starting Servlet engine: [Apache Tomcat/9.0.39]
2020-12-08 20:39:08,642 [main] INFO  o.a.c.c.C.[Tomcat].[localhost].[/]                 - Initializing Spring embedded WebApplicationContext
2020-12-08 20:39:08,643 [main] INFO  o.s.b.w.s.c.ServletWebServerApplicationContext     - Root WebApplicationContext: initialization completed in 4222 ms
2020-12-08 20:39:09,211 [main] INFO  o.s.s.concurrent.ThreadPoolTaskExecutor            - Initializing ExecutorService 'applicationTaskExecutor'
2020-12-08 20:39:09,228 [main] INFO  com.zaxxer.hikari.HikariDataSource                 - HikariPool-1 - Starting...
2020-12-08 20:39:09,530 [main] INFO  com.zaxxer.hikari.HikariDataSource                 - HikariPool-1 - Start completed.
2020-12-08 20:39:09,774 [task-1] INFO  o.hibernate.jpa.internal.util.LogHelper            - HHH000204: Processing PersistenceUnitInfo [name: default]
2020-12-08 20:39:09,895 [task-1] INFO  org.hibernate.Version                              - HHH000412: Hibernate ORM core version 5.4.23.Final
2020-12-08 20:39:09,912 [main] WARN  o.s.b.a.o.j.JpaBaseConfiguration$JpaWebConfiguration - spring.jpa.open-in-view is enabled by default. Therefore, database queries may be performed during view rendering. Explicitly configure spring.jpa.open-in-view to disable this warning
2020-12-08 20:39:10,228 [task-1] INFO  org.hibernate.annotations.common.Version           - HCANN000001: Hibernate Commons Annotations {5.1.2.Final}
2020-12-08 20:39:10,488 [task-1] INFO  org.hibernate.dialect.Dialect                      - HHH000400: Using dialect: org.hibernate.dialect.H2Dialect
2020-12-08 20:39:10,693 [main] INFO  o.s.b.a.e.web.EndpointLinksResolver                - Exposing 13 endpoint(s) beneath base path '/actuator'
2020-12-08 20:39:12,028 [task-1] INFO  o.h.e.t.j.p.i.JtaPlatformInitiator                 - HHH000490: Using JtaPlatform implementation: [org.hibernate.engine.transaction.jta.platform.internal.NoJtaPlatform]
2020-12-08 20:39:12,052 [task-1] INFO  o.s.o.j.LocalContainerEntityManagerFactoryBean     - Initialized JPA EntityManagerFactory for persistence unit 'default'
2020-12-08 20:39:12,085 [main] INFO  o.apache.coyote.http11.Http11NioProtocol           - Starting ProtocolHandler ["http-nio-8080"]
2020-12-08 20:39:12,127 [main] INFO  o.s.b.w.embedded.tomcat.TomcatWebServer            - Tomcat started on port(s): 8080 (http) with context path ''
2020-12-08 20:39:12,129 [main] INFO  o.s.d.r.c.DeferredRepositoryInitializationListener - Triggering deferred initialization of Spring Data repositories…
2020-12-08 20:39:13,007 [main] INFO  o.s.d.r.c.DeferredRepositoryInitializationListener - Spring Data repositories initialized!
2020-12-08 20:39:13,035 [main] INFO  com.rms.RateManagmentSystemApplication             - Started RateManagmentSystemApplication in 10.164 seconds (JVM running for 14.539)
2020-12-08 20:40:03,448 [http-nio-8080-exec-1] INFO  o.a.c.c.C.[Tomcat].[localhost].[/]                 - Initializing Spring DispatcherServlet 'dispatcherServlet'
2020-12-08 20:40:03,449 [http-nio-8080-exec-1] INFO  o.s.web.servlet.DispatcherServlet                  - Initializing Servlet 'dispatcherServlet'
2020-12-08 20:40:03,450 [http-nio-8080-exec-1] INFO  o.s.web.servlet.DispatcherServlet                  - Completed initialization in 1 ms
2020-12-08 20:41:05,220 [main] INFO  com.rms.RateManagmentSystemApplication             - Starting RateManagmentSystemApplication using Java 1.8.0_212 on SARFARAZ1-PC with PID 30100 (C:\StarkWS\RateManagmentSystem\target\classes started by Sarfaraz in C:\StarkWS\RateManagmentSystem)
2020-12-08 20:41:05,224 [main] INFO  com.rms.RateManagmentSystemApplication             - No active profile set, falling back to default profiles: default
2020-12-08 20:41:06,007 [main] INFO  o.s.d.r.c.RepositoryConfigurationDelegate          - Bootstrapping Spring Data JPA repositories in DEFERRED mode.
2020-12-08 20:41:06,066 [main] INFO  o.s.d.r.c.RepositoryConfigurationDelegate          - Finished Spring Data repository scanning in 50 ms. Found 1 JPA repository interfaces.
2020-12-08 20:41:06,481 [main] INFO  o.s.b.w.embedded.tomcat.TomcatWebServer            - Tomcat initialized with port(s): 8080 (http)
2020-12-08 20:41:06,489 [main] INFO  o.apache.coyote.http11.Http11NioProtocol           - Initializing ProtocolHandler ["http-nio-8080"]
2020-12-08 20:41:06,490 [main] INFO  org.apache.catalina.core.StandardService           - Starting service [Tomcat]
2020-12-08 20:41:06,490 [main] INFO  org.apache.catalina.core.StandardEngine            - Starting Servlet engine: [Apache Tomcat/9.0.39]
2020-12-08 20:41:06,637 [main] INFO  o.a.c.c.C.[Tomcat].[localhost].[/]                 - Initializing Spring embedded WebApplicationContext
2020-12-08 20:41:06,637 [main] INFO  o.s.b.w.s.c.ServletWebServerApplicationContext     - Root WebApplicationContext: initialization completed in 1334 ms
2020-12-08 20:41:06,886 [main] INFO  o.s.s.concurrent.ThreadPoolTaskExecutor            - Initializing ExecutorService 'applicationTaskExecutor'
2020-12-08 20:41:06,894 [main] INFO  com.zaxxer.hikari.HikariDataSource                 - HikariPool-1 - Starting...
2020-12-08 20:41:07,048 [main] INFO  com.zaxxer.hikari.HikariDataSource                 - HikariPool-1 - Start completed.
2020-12-08 20:41:07,144 [task-1] INFO  o.hibernate.jpa.internal.util.LogHelper            - HHH000204: Processing PersistenceUnitInfo [name: default]
2020-12-08 20:41:07,215 [task-1] INFO  org.hibernate.Version                              - HHH000412: Hibernate ORM core version 5.4.23.Final
2020-12-08 20:41:07,217 [main] WARN  o.s.b.a.o.j.JpaBaseConfiguration$JpaWebConfiguration - spring.jpa.open-in-view is enabled by default. Therefore, database queries may be performed during view rendering. Explicitly configure spring.jpa.open-in-view to disable this warning
2020-12-08 20:41:07,410 [task-1] INFO  org.hibernate.annotations.common.Version           - HCANN000001: Hibernate Commons Annotations {5.1.2.Final}
2020-12-08 20:41:07,542 [task-1] INFO  org.hibernate.dialect.Dialect                      - HHH000400: Using dialect: org.hibernate.dialect.H2Dialect
2020-12-08 20:41:07,609 [main] INFO  o.s.b.a.e.web.EndpointLinksResolver                - Exposing 13 endpoint(s) beneath base path '/actuator'
2020-12-08 20:41:08,170 [task-1] INFO  o.h.e.t.j.p.i.JtaPlatformInitiator                 - HHH000490: Using JtaPlatform implementation: [org.hibernate.engine.transaction.jta.platform.internal.NoJtaPlatform]
2020-12-08 20:41:08,180 [task-1] INFO  o.s.o.j.LocalContainerEntityManagerFactoryBean     - Initialized JPA EntityManagerFactory for persistence unit 'default'
2020-12-08 20:41:08,193 [main] INFO  o.apache.coyote.http11.Http11NioProtocol           - Starting ProtocolHandler ["http-nio-8080"]
2020-12-08 20:41:08,224 [main] INFO  o.s.b.w.embedded.tomcat.TomcatWebServer            - Tomcat started on port(s): 8080 (http) with context path ''
2020-12-08 20:41:08,226 [main] INFO  o.s.d.r.c.DeferredRepositoryInitializationListener - Triggering deferred initialization of Spring Data repositories…
2020-12-08 20:41:08,505 [main] INFO  o.s.d.r.c.DeferredRepositoryInitializationListener - Spring Data repositories initialized!
2020-12-08 20:41:08,515 [main] INFO  com.rms.RateManagmentSystemApplication             - Started RateManagmentSystemApplication in 3.806 seconds (JVM running for 5.14)
2020-12-08 20:41:14,990 [http-nio-8080-exec-2] INFO  o.a.c.c.C.[Tomcat].[localhost].[/]                 - Initializing Spring DispatcherServlet 'dispatcherServlet'
2020-12-08 20:41:14,991 [http-nio-8080-exec-2] INFO  o.s.web.servlet.DispatcherServlet                  - Initializing Servlet 'dispatcherServlet'
2020-12-08 20:41:14,992 [http-nio-8080-exec-2] INFO  o.s.web.servlet.DispatcherServlet                  - Completed initialization in 1 ms
2020-12-08 20:41:21,920 [http-nio-8080-exec-3] ERROR com.rms.service.RateService                        - No rate found with id: 3
